Build started 05/10/2012 12:19:52 PM.
     1>Project "C:\Projects\ActionRecognitionProject\ActionRecognitionProjectConsoleVersion\ActionRecognitionProjectConsoleVersion\ActionRecognitionProjectConsoleVersion.vcxproj" on node 2 (build target(s)).
     1>InitializeBuildStatus:
         Touching "Debug\ActionRecognitionProjectConsoleVersion.unsuccessfulbuild".
       ClCompile:
         c:\Program Files (x86)\Microsoft Visual Studio 10.0\VC\bin\CL.exe /c /ZI /nologo /W3 /WX- /Od /Oy- /D _MBCS /Gm /EHsc /RTC1 /MDd /GS /fp:precise /Zc:wchar_t /Zc:forScope /Fo"Debug\\" /Fd"Debug\vc100.pdb" /Gd /TP /analyze- /errorReport:prompt MoFREAKUtilities.cpp SVMInterface.cpp main.cpp
         main.cpp
     1>c:\projects\actionrecognitionproject\actionrecognitionprojectconsoleversion\actionrecognitionprojectconsoleversion\main.cpp(87): warning C4018: '<' : signed/unsigned mismatch
     1>c:\projects\actionrecognitionproject\actionrecognitionprojectconsoleversion\actionrecognitionprojectconsoleversion\main.cpp(408): warning C4018: '<' : signed/unsigned mismatch
     1>c:\projects\actionrecognitionproject\actionrecognitionprojectconsoleversion\actionrecognitionprojectconsoleversion\main.cpp(468): warning C4244: 'initializing' : conversion from 'double' to 'float', possible loss of data
     1>c:\projects\actionrecognitionproject\actionrecognitionprojectconsoleversion\actionrecognitionprojectconsoleversion\main.cpp(469): warning C4244: 'initializing' : conversion from 'double' to 'float', possible loss of data
     1>c:\projects\actionrecognitionproject\actionrecognitionprojectconsoleversion\actionrecognitionprojectconsoleversion\main.cpp(470): warning C4244: 'initializing' : conversion from 'double' to 'float', possible loss of data
     1>c:\projects\actionrecognitionproject\actionrecognitionprojectconsoleversion\actionrecognitionprojectconsoleversion\main.cpp(513): warning C4305: 'initializing' : truncation from 'double' to 'float'
     1>c:\projects\actionrecognitionproject\actionrecognitionprojectconsoleversion\actionrecognitionprojectconsoleversion\main.cpp(533): warning C4244: '=' : conversion from 'double' to 'float', possible loss of data
     1>c:\projects\actionrecognitionproject\actionrecognitionprojectconsoleversion\actionrecognitionprojectconsoleversion\main.cpp(543): warning C4018: '<' : signed/unsigned mismatch
     1>c:\projects\actionrecognitionproject\actionrecognitionprojectconsoleversion\actionrecognitionprojectconsoleversion\main.cpp(546): warning C4018: '<' : signed/unsigned mismatch
     1>c:\projects\actionrecognitionproject\actionrecognitionprojectconsoleversion\actionrecognitionprojectconsoleversion\main.cpp(562): warning C4305: '-=' : truncation from 'double' to 'float'
     1>c:\projects\actionrecognitionproject\actionrecognitionprojectconsoleversion\actionrecognitionprojectconsoleversion\main.cpp(569): warning C4018: '>' : signed/unsigned mismatch
     1>c:\projects\actionrecognitionproject\actionrecognitionprojectconsoleversion\actionrecognitionprojectconsoleversion\main.cpp(582): warning C4305: '+=' : truncation from 'double' to 'float'
         SVMInterface.cpp
     1>c:\projects\actionrecognitionproject\actionrecognitionprojectconsoleversion\actionrecognitionprojectconsoleversion\svminterface.cpp(88): warning C4996: 'strtok': This function or variable may be unsafe. Consider using strtok_s instead. To disable deprecation, use _CRT_SECURE_NO_WARNINGS. See online help for details.
                 c:\program files (x86)\microsoft visual studio 10.0\vc\include\string.h(197) : see declaration of 'strtok'
     1>c:\projects\actionrecognitionproject\actionrecognitionprojectconsoleversion\actionrecognitionprojectconsoleversion\svminterface.cpp(108): warning C4996: 'strtok': This function or variable may be unsafe. Consider using strtok_s instead. To disable deprecation, use _CRT_SECURE_NO_WARNINGS. See online help for details.
                 c:\program files (x86)\microsoft visual studio 10.0\vc\include\string.h(197) : see declaration of 'strtok'
     1>c:\projects\actionrecognitionproject\actionrecognitionprojectconsoleversion\actionrecognitionprojectconsoleversion\svminterface.cpp(110): warning C4996: 'strtok': This function or variable may be unsafe. Consider using strtok_s instead. To disable deprecation, use _CRT_SECURE_NO_WARNINGS. See online help for details.
                 c:\program files (x86)\microsoft visual studio 10.0\vc\include\string.h(197) : see declaration of 'strtok'
     1>c:\projects\actionrecognitionproject\actionrecognitionprojectconsoleversion\actionrecognitionprojectconsoleversion\svminterface.cpp(139): warning C4244: 'argument' : conversion from 'double' to 'const int', possible loss of data
     1>c:\projects\actionrecognitionproject\actionrecognitionprojectconsoleversion\actionrecognitionprojectconsoleversion\svminterface.cpp(226): warning C4996: 'strtok': This function or variable may be unsafe. Consider using strtok_s instead. To disable deprecation, use _CRT_SECURE_NO_WARNINGS. See online help for details.
                 c:\program files (x86)\microsoft visual studio 10.0\vc\include\string.h(197) : see declaration of 'strtok'
     1>c:\projects\actionrecognitionproject\actionrecognitionprojectconsoleversion\actionrecognitionprojectconsoleversion\svminterface.cpp(246): warning C4996: 'strtok': This function or variable may be unsafe. Consider using strtok_s instead. To disable deprecation, use _CRT_SECURE_NO_WARNINGS. See online help for details.
                 c:\program files (x86)\microsoft visual studio 10.0\vc\include\string.h(197) : see declaration of 'strtok'
     1>c:\projects\actionrecognitionproject\actionrecognitionprojectconsoleversion\actionrecognitionprojectconsoleversion\svminterface.cpp(248): warning C4996: 'strtok': This function or variable may be unsafe. Consider using strtok_s instead. To disable deprecation, use _CRT_SECURE_NO_WARNINGS. See online help for details.
                 c:\program files (x86)\microsoft visual studio 10.0\vc\include\string.h(197) : see declaration of 'strtok'
     1>c:\projects\actionrecognitionproject\actionrecognitionprojectconsoleversion\actionrecognitionprojectconsoleversion\svminterface.cpp(323): warning C4996: 'fopen': This function or variable may be unsafe. Consider using fopen_s instead. To disable deprecation, use _CRT_SECURE_NO_WARNINGS. See online help for details.
                 c:\program files (x86)\microsoft visual studio 10.0\vc\include\stdio.h(234) : see declaration of 'fopen'
     1>c:\projects\actionrecognitionproject\actionrecognitionprojectconsoleversion\actionrecognitionprojectconsoleversion\svminterface.cpp(340): warning C4996: 'strtok': This function or variable may be unsafe. Consider using strtok_s instead. To disable deprecation, use _CRT_SECURE_NO_WARNINGS. See online help for details.
                 c:\program files (x86)\microsoft visual studio 10.0\vc\include\string.h(197) : see declaration of 'strtok'
     1>c:\projects\actionrecognitionproject\actionrecognitionprojectconsoleversion\actionrecognitionprojectconsoleversion\svminterface.cpp(345): warning C4996: 'strtok': This function or variable may be unsafe. Consider using strtok_s instead. To disable deprecation, use _CRT_SECURE_NO_WARNINGS. See online help for details.
                 c:\program files (x86)\microsoft visual studio 10.0\vc\include\string.h(197) : see declaration of 'strtok'
     1>c:\projects\actionrecognitionproject\actionrecognitionprojectconsoleversion\actionrecognitionprojectconsoleversion\svminterface.cpp(366): warning C4996: 'strtok': This function or variable may be unsafe. Consider using strtok_s instead. To disable deprecation, use _CRT_SECURE_NO_WARNINGS. See online help for details.
                 c:\program files (x86)\microsoft visual studio 10.0\vc\include\string.h(197) : see declaration of 'strtok'
     1>c:\projects\actionrecognitionproject\actionrecognitionprojectconsoleversion\actionrecognitionprojectconsoleversion\svminterface.cpp(376): warning C4996: 'strtok': This function or variable may be unsafe. Consider using strtok_s instead. To disable deprecation, use _CRT_SECURE_NO_WARNINGS. See online help for details.
                 c:\program files (x86)\microsoft visual studio 10.0\vc\include\string.h(197) : see declaration of 'strtok'
     1>c:\projects\actionrecognitionproject\actionrecognitionprojectconsoleversion\actionrecognitionprojectconsoleversion\svminterface.cpp(377): warning C4996: 'strtok': This function or variable may be unsafe. Consider using strtok_s instead. To disable deprecation, use _CRT_SECURE_NO_WARNINGS. See online help for details.
                 c:\program files (x86)\microsoft visual studio 10.0\vc\include\string.h(197) : see declaration of 'strtok'
     1>c:\projects\actionrecognitionproject\actionrecognitionprojectconsoleversion\actionrecognitionprojectconsoleversion\svminterface.cpp(514): warning C4996: 'fopen': This function or variable may be unsafe. Consider using fopen_s instead. To disable deprecation, use _CRT_SECURE_NO_WARNINGS. See online help for details.
                 c:\program files (x86)\microsoft visual studio 10.0\vc\include\stdio.h(234) : see declaration of 'fopen'
     1>c:\projects\actionrecognitionproject\actionrecognitionprojectconsoleversion\actionrecognitionprojectconsoleversion\svminterface.cpp(515): warning C4996: 'fopen': This function or variable may be unsafe. Consider using fopen_s instead. To disable deprecation, use _CRT_SECURE_NO_WARNINGS. See online help for details.
                 c:\program files (x86)\microsoft visual studio 10.0\vc\include\stdio.h(234) : see declaration of 'fopen'
     1>c:\projects\actionrecognitionproject\actionrecognitionprojectconsoleversion\actionrecognitionprojectconsoleversion\svminterface.cpp(529): warning C4996: 'fopen': This function or variable may be unsafe. Consider using fopen_s instead. To disable deprecation, use _CRT_SECURE_NO_WARNINGS. See online help for details.
                 c:\program files (x86)\microsoft visual studio 10.0\vc\include\stdio.h(234) : see declaration of 'fopen'
     1>c:\projects\actionrecognitionproject\actionrecognitionprojectconsoleversion\actionrecognitionprojectconsoleversion\svminterface.cpp(530): warning C4996: 'fopen': This function or variable may be unsafe. Consider using fopen_s instead. To disable deprecation, use _CRT_SECURE_NO_WARNINGS. See online help for details.
                 c:\program files (x86)\microsoft visual studio 10.0\vc\include\stdio.h(234) : see declaration of 'fopen'
         MoFREAKUtilities.cpp
     1>c:\projects\actionrecognitionproject\actionrecognitionprojectconsoleversion\actionrecognitionprojectconsoleversion\mofreakutilities.cpp(29): warning C4244: 'argument' : conversion from 'float' to 'int', possible loss of data
     1>c:\projects\actionrecognitionproject\actionrecognitionprojectconsoleversion\actionrecognitionprojectconsoleversion\mofreakutilities.cpp(29): warning C4244: 'argument' : conversion from 'float' to 'int', possible loss of data
     1>c:\projects\actionrecognitionproject\actionrecognitionprojectconsoleversion\actionrecognitionprojectconsoleversion\mofreakutilities.cpp(30): warning C4244: 'argument' : conversion from 'float' to 'int', possible loss of data
     1>c:\projects\actionrecognitionproject\actionrecognitionprojectconsoleversion\actionrecognitionprojectconsoleversion\mofreakutilities.cpp(30): warning C4244: 'argument' : conversion from 'float' to 'int', possible loss of data
     1>c:\projects\actionrecognitionproject\actionrecognitionprojectconsoleversion\actionrecognitionprojectconsoleversion\mofreakutilities.cpp(96): warning C4244: 'initializing' : conversion from 'float' to 'int', possible loss of data
     1>c:\projects\actionrecognitionproject\actionrecognitionprojectconsoleversion\actionrecognitionprojectconsoleversion\mofreakutilities.cpp(99): warning C4244: 'initializing' : conversion from 'float' to 'int', possible loss of data
     1>c:\projects\actionrecognitionproject\actionrecognitionprojectconsoleversion\actionrecognitionprojectconsoleversion\mofreakutilities.cpp(100): warning C4244: 'initializing' : conversion from 'float' to 'int', possible loss of data
     1>c:\projects\actionrecognitionproject\actionrecognitionprojectconsoleversion\actionrecognitionprojectconsoleversion\mofreakutilities.cpp(101): warning C4244: 'initializing' : conversion from 'float' to 'int', possible loss of data
     1>c:\projects\actionrecognitionproject\actionrecognitionprojectconsoleversion\actionrecognitionprojectconsoleversion\mofreakutilities.cpp(102): warning C4244: 'initializing' : conversion from 'float' to 'int', possible loss of data
     1>c:\projects\actionrecognitionproject\actionrecognitionprojectconsoleversion\actionrecognitionprojectconsoleversion\mofreakutilities.cpp(231): warning C4244: 'argument' : conversion from 'float' to 'int', possible loss of data
     1>c:\projects\actionrecognitionproject\actionrecognitionprojectconsoleversion\actionrecognitionprojectconsoleversion\mofreakutilities.cpp(266): warning C4244: 'argument' : conversion from 'float' to 'int', possible loss of data
     1>c:\projects\actionrecognitionproject\actionrecognitionprojectconsoleversion\actionrecognitionprojectconsoleversion\mofreakutilities.cpp(266): warning C4244: 'argument' : conversion from 'float' to 'int', possible loss of data
     1>c:\projects\actionrecognitionproject\actionrecognitionprojectconsoleversion\actionrecognitionprojectconsoleversion\mofreakutilities.cpp(266): warning C4244: 'argument' : conversion from 'float' to 'int', possible loss of data
     1>c:\projects\actionrecognitionproject\actionrecognitionprojectconsoleversion\actionrecognitionprojectconsoleversion\mofreakutilities.cpp(266): warning C4244: 'argument' : conversion from 'float' to 'int', possible loss of data
         Generating Code...
       Link:
         c:\Program Files (x86)\Microsoft Visual Studio 10.0\VC\bin\link.exe /ERRORREPORT:PROMPT /OUT:"C:\Projects\ActionRecognitionProject\ActionRecognitionProjectConsoleVersion\Debug\ActionRecognitionProjectConsoleVersion.exe" /NOLOGO "boost_filesystem-vc100-mt-gd-1_51.lib" opencv_calib3d242d.lib opencv_contrib242d.lib opencv_core242d.lib opencv_features2d242d.lib opencv_haartraining_engined.lib opencv_highgui242d.lib opencv_imgproc242d.lib opencv_objdetect242d.lib opencv_nonfree242d.lib kernel32.lib user32.lib gdi32.lib winspool.lib comdlg32.lib advapi32.lib shell32.lib ole32.lib oleaut32.lib uuid.lib odbc32.lib odbccp32.lib /MANIFEST /ManifestFile:"Debug\ActionRecognitionProjectConsoleVersion.exe.intermediate.manifest" /MANIFESTUAC:"level='asInvoker' uiAccess='false'" /DEBUG /PDB:"C:\Projects\ActionRecognitionProject\ActionRecognitionProjectConsoleVersion\Debug\ActionRecognitionProjectConsoleVersion.pdb" /TLBID:1 /DYNAMICBASE /NXCOMPAT /IMPLIB:"C:\Projects\ActionRecognitionProject\ActionRecognitionProjectConsoleVersion\Debug\ActionRecognitionProjectConsoleVersion.lib" /MACHINE:X86 Debug\BagOfWordsRepresentation.obj
         Debug\Clustering.obj
         Debug\main.obj
         Debug\MoFREAKUtilities.obj
         Debug\MoSIFTUtilities.obj
         Debug\svm.obj
         Debug\SVMInterface.obj
         Debug\svm_interface.obj
         LINK : C:\Projects\ActionRecognitionProject\ActionRecognitionProjectConsoleVersion\Debug\ActionRecognitionProjectConsoleVersion.exe not found or not built by the last incremental link; performing full link
         ActionRecognitionProjectConsoleVersion.vcxproj -> C:\Projects\ActionRecognitionProject\ActionRecognitionProjectConsoleVersion\Debug\ActionRecognitionProjectConsoleVersion.exe
       Manifest:
         c:\Program Files (x86)\Microsoft SDKs\Windows\v7.0A\bin\mt.exe /nologo /verbose /outputresource:"C:\Projects\ActionRecognitionProject\ActionRecognitionProjectConsoleVersion\Debug\ActionRecognitionProjectConsoleVersion.exe;#1" /manifest Debug\ActionRecognitionProjectConsoleVersion.exe.intermediate.manifest
       FinalizeBuildStatus:
         Deleting file "Debug\ActionRecognitionProjectConsoleVersion.unsuccessfulbuild".
         Touching "Debug\ActionRecognitionProjectConsoleVersion.lastbuildstate".
     1>Done Building Project "C:\Projects\ActionRecognitionProject\ActionRecognitionProjectConsoleVersion\ActionRecognitionProjectConsoleVersion\ActionRecognitionProjectConsoleVersion.vcxproj" (build target(s)).

Build succeeded.

Time Elapsed 00:00:09.65
