Build started 24/09/2012 11:40:54 PM.
     1>Project "C:\Projects\ActionRecognitionProject\QuickFeatureExtraction\QuickFeatureExtractionTemp\QuickFeatureExtractionTemp.vcxproj" on node 2 (build target(s)).
     1>InitializeBuildStatus:
         Creating "Release\QuickFeatureExtractionTemp.unsuccessfulbuild" because "AlwaysCreate" was specified.
       ClCompile:
         c:\Program Files (x86)\Microsoft Visual Studio 10.0\VC\bin\CL.exe /c /Zi /nologo /W3 /WX- /O2 /Oi /Oy- /GL /D _MBCS /Gm- /EHsc /MD /GS /Gy /fp:precise /Zc:wchar_t /Zc:forScope /Fo"Release\\" /Fd"Release\vc100.pdb" /Gd /TP /analyze- /errorReport:prompt ..\QuickFeatureExtraction\main.cpp
         main.cpp
     1>..\QuickFeatureExtraction\main.cpp(19): warning C4244: 'initializing' : conversion from 'float' to 'int', possible loss of data
     1>..\QuickFeatureExtraction\main.cpp(22): warning C4244: 'initializing' : conversion from 'float' to 'int', possible loss of data
     1>..\QuickFeatureExtraction\main.cpp(23): warning C4244: 'initializing' : conversion from 'float' to 'int', possible loss of data
     1>..\QuickFeatureExtraction\main.cpp(24): warning C4244: 'initializing' : conversion from 'float' to 'int', possible loss of data
     1>..\QuickFeatureExtraction\main.cpp(25): warning C4244: 'initializing' : conversion from 'float' to 'int', possible loss of data
     1>..\QuickFeatureExtraction\main.cpp(33): warning C4244: 'initializing' : conversion from 'int' to 'float', possible loss of data
       Link:
         c:\Program Files (x86)\Microsoft Visual Studio 10.0\VC\bin\link.exe /ERRORREPORT:PROMPT /OUT:"C:\Projects\ActionRecognitionProject\QuickFeatureExtraction\Release\QuickFeatureExtractionTemp.exe" /NOLOGO "boost_filesystem-vc100-mt-1_51.lib" opencv_calib3d242.lib opencv_contrib242.lib opencv_core242.lib opencv_features2d242.lib opencv_haartraining_engine.lib opencv_highgui242.lib opencv_imgproc242.lib opencv_objdetect242.lib opencv_nonfree242.lib kernel32.lib user32.lib gdi32.lib winspool.lib comdlg32.lib advapi32.lib shell32.lib ole32.lib oleaut32.lib uuid.lib odbc32.lib odbccp32.lib /MANIFEST /ManifestFile:"Release\QuickFeatureExtractionTemp.exe.intermediate.manifest" /MANIFESTUAC:"level='asInvoker' uiAccess='false'" /DEBUG /PDB:"C:\Projects\ActionRecognitionProject\QuickFeatureExtraction\Release\QuickFeatureExtractionTemp.pdb" /OPT:REF /OPT:ICF /LTCG /TLBID:1 /DYNAMICBASE /NXCOMPAT /IMPLIB:"C:\Projects\ActionRecognitionProject\QuickFeatureExtraction\Release\QuickFeatureExtractionTemp.lib" /MACHINE:X86 Release\main.obj
         Generating code
         Finished generating code
         QuickFeatureExtractionTemp.vcxproj -> C:\Projects\ActionRecognitionProject\QuickFeatureExtraction\Release\QuickFeatureExtractionTemp.exe
       Manifest:
         c:\Program Files (x86)\Microsoft SDKs\Windows\v7.0A\bin\mt.exe /nologo /verbose /outputresource:"C:\Projects\ActionRecognitionProject\QuickFeatureExtraction\Release\QuickFeatureExtractionTemp.exe;#1" /manifest Release\QuickFeatureExtractionTemp.exe.intermediate.manifest
       FinalizeBuildStatus:
         Deleting file "Release\QuickFeatureExtractionTemp.unsuccessfulbuild".
         Touching "Release\QuickFeatureExtractionTemp.lastbuildstate".
     1>Done Building Project "C:\Projects\ActionRecognitionProject\QuickFeatureExtraction\QuickFeatureExtractionTemp\QuickFeatureExtractionTemp.vcxproj" (build target(s)).

Build succeeded.

Time Elapsed 00:00:05.77
