Build started 9/23/2012 3:07:19 PM.
     1>Project "C:\Projects\ActionRecognitionProject\QuickFeatureExtraction\QuickFeatureExtraction\QuickFeatureExtraction.vcxproj" on node 2 (build target(s)).
     1>PrepareForBuild:
         Creating directory "C:\Projects\ActionRecognitionProject\QuickFeatureExtraction\x64\Release\".
       InitializeBuildStatus:
         Creating "x64\Release\QuickFeatureExtraction.unsuccessfulbuild" because "AlwaysCreate" was specified.
       ClCompile:
         c:\Program Files (x86)\Microsoft Visual Studio 10.0\VC\bin\x86_amd64\CL.exe /c /Zi /nologo /W1 /WX- /O2 /Gm- /EHsc /MD /GS /fp:precise /Zc:wchar_t /Zc:forScope /Fo"x64\Release\\" /Fd"x64\Release\vc100.pdb" /Gd /TP /errorReport:prompt main.cpp
         main.cpp
       Link:
         c:\Program Files (x86)\Microsoft Visual Studio 10.0\VC\bin\x86_amd64\link.exe /ERRORREPORT:PROMPT /OUT:"C:\Projects\ActionRecognitionProject\QuickFeatureExtraction\x64\Release\QuickFeatureExtraction.exe" /NOLOGO opencv_calib3d242.lib opencv_contrib242.lib opencv_core242.lib opencv_features2d242.lib opencv_gpu242.lib opencv_haartraining_engine.lib opencv_highgui242.lib opencv_imgproc242.lib opencv_legacy242.lib opencv_ml242.lib opencv_nonfree242.lib opencv_video242.lib kernel32.lib user32.lib gdi32.lib winspool.lib comdlg32.lib advapi32.lib shell32.lib ole32.lib oleaut32.lib uuid.lib odbc32.lib odbccp32.lib /MANIFEST /ManifestFile:"x64\Release\QuickFeatureExtraction.exe.intermediate.manifest" /MANIFESTUAC:"level='asInvoker' uiAccess='false'" /PDB:"C:\Projects\ActionRecognitionProject\QuickFeatureExtraction\x64\Release\QuickFeatureExtraction.pdb" /TLBID:1 /DYNAMICBASE /NXCOMPAT /IMPLIB:"C:\Projects\ActionRecognitionProject\QuickFeatureExtraction\x64\Release\QuickFeatureExtraction.lib" /MACHINE:X64 x64\Release\main.obj
         QuickFeatureExtraction.vcxproj -> C:\Projects\ActionRecognitionProject\QuickFeatureExtraction\x64\Release\QuickFeatureExtraction.exe
       Manifest:
         C:\Program Files (x86)\Microsoft SDKs\Windows\v7.0A\bin\mt.exe /nologo /verbose /outputresource:"C:\Projects\ActionRecognitionProject\QuickFeatureExtraction\x64\Release\QuickFeatureExtraction.exe;#1" /manifest x64\Release\QuickFeatureExtraction.exe.intermediate.manifest
       FinalizeBuildStatus:
         Deleting file "x64\Release\QuickFeatureExtraction.unsuccessfulbuild".
         Touching "x64\Release\QuickFeatureExtraction.lastbuildstate".
     1>Done Building Project "C:\Projects\ActionRecognitionProject\QuickFeatureExtraction\QuickFeatureExtraction\QuickFeatureExtraction.vcxproj" (build target(s)).

Build succeeded.

Time Elapsed 00:00:01.81
