Build started 9/24/2012 8:25:49 AM.
     1>Project "C:\Projects\ActionRecognitionProject\QuickFeatureExtraction\QuickFeatureExtraction\QuickFeatureExtraction.vcxproj" on node 2 (build target(s)).
     1>InitializeBuildStatus:
         Creating "Release\QuickFeatureExtraction.unsuccessfulbuild" because "AlwaysCreate" was specified.
       ClCompile:
         c:\Program Files (x86)\Microsoft Visual Studio 10.0\VC\bin\CL.exe /c /Zi /nologo /W3 /WX- /O2 /Oi /Oy- /GL /D _MBCS /Gm- /EHsc /MD /GS /Gy /fp:precise /Zc:wchar_t /Zc:forScope /Fo"Release\\" /Fd"Release\vc100.pdb" /Gd /TP /analyze- /errorReport:prompt main.cpp
         main.cpp
     1>main.cpp(37): warning C4244: 'initializing' : conversion from 'float' to 'int', possible loss of data
     1>main.cpp(40): warning C4244: 'initializing' : conversion from 'float' to 'int', possible loss of data
     1>main.cpp(41): warning C4244: 'initializing' : conversion from 'float' to 'int', possible loss of data
     1>main.cpp(42): warning C4244: 'initializing' : conversion from 'float' to 'int', possible loss of data
     1>main.cpp(43): warning C4244: 'initializing' : conversion from 'float' to 'int', possible loss of data
       Link:
         c:\Program Files (x86)\Microsoft Visual Studio 10.0\VC\bin\link.exe /ERRORREPORT:PROMPT /OUT:"C:\Projects\ActionRecognitionProject\QuickFeatureExtraction\Release\QuickFeatureExtraction.exe" /NOLOGO "boost_filesystem-vc100-mt-1_51.lib" opencv_calib3d242.lib opencv_contrib242.lib opencv_core242.lib opencv_features2d242.lib opencv_gpu242.lib opencv_haartraining_engine.lib opencv_highgui242.lib opencv_imgproc242.lib opencv_legacy242.lib opencv_ml242.lib opencv_nonfree242.lib opencv_video242.lib kernel32.lib user32.lib gdi32.lib winspool.lib comdlg32.lib advapi32.lib shell32.lib ole32.lib oleaut32.lib uuid.lib odbc32.lib odbccp32.lib /MANIFEST /ManifestFile:"Release\QuickFeatureExtraction.exe.intermediate.manifest" /MANIFESTUAC:"level='asInvoker' uiAccess='false'" /DEBUG /PDB:"C:\Projects\ActionRecognitionProject\QuickFeatureExtraction\Release\QuickFeatureExtraction.pdb" /OPT:REF /OPT:ICF /LTCG /TLBID:1 /DYNAMICBASE /NXCOMPAT /IMPLIB:"C:\Projects\ActionRecognitionProject\QuickFeatureExtraction\Release\QuickFeatureExtraction.lib" /MACHINE:X86 Release\main.obj
         Generating code
         Finished generating code
         QuickFeatureExtraction.vcxproj -> C:\Projects\ActionRecognitionProject\QuickFeatureExtraction\Release\QuickFeatureExtraction.exe
       Manifest:
         C:\Program Files (x86)\Microsoft SDKs\Windows\v7.0A\bin\mt.exe /nologo /verbose /outputresource:"C:\Projects\ActionRecognitionProject\QuickFeatureExtraction\Release\QuickFeatureExtraction.exe;#1" /manifest Release\QuickFeatureExtraction.exe.intermediate.manifest
       FinalizeBuildStatus:
         Deleting file "Release\QuickFeatureExtraction.unsuccessfulbuild".
         Touching "Release\QuickFeatureExtraction.lastbuildstate".
     1>Done Building Project "C:\Projects\ActionRecognitionProject\QuickFeatureExtraction\QuickFeatureExtraction\QuickFeatureExtraction.vcxproj" (build target(s)).

Build succeeded.

Time Elapsed 00:00:03.17
