Build started 9/23/2012 11:05:51 PM.
     1>Project "C:\Projects\ActionRecognitionProject\QuickFeatureExtraction\QuickFeatureExtraction\QuickFeatureExtraction.vcxproj" on node 2 (build target(s)).
     1>InitializeBuildStatus:
         Touching "Debug\QuickFeatureExtraction.unsuccessfulbuild".
       ClCompile:
         c:\Program Files (x86)\Microsoft Visual Studio 10.0\VC\bin\CL.exe /c /ZI /nologo /W3 /WX- /Od /Oy- /D _MBCS /Gm /EHsc /RTC1 /MDd /GS /fp:precise /Zc:wchar_t /Zc:forScope /Fo"Debug\\" /Fd"Debug\vc100.pdb" /Gd /TP /analyze- /errorReport:prompt main.cpp
         main.cpp
     1>c:\projects\actionrecognitionproject\quickfeatureextraction\quickfeatureextraction\main.cpp(37): warning C4244: 'initializing' : conversion from 'float' to 'int', possible loss of data
     1>c:\projects\actionrecognitionproject\quickfeatureextraction\quickfeatureextraction\main.cpp(40): warning C4244: 'initializing' : conversion from 'float' to 'int', possible loss of data
     1>c:\projects\actionrecognitionproject\quickfeatureextraction\quickfeatureextraction\main.cpp(41): warning C4244: 'initializing' : conversion from 'float' to 'int', possible loss of data
     1>c:\projects\actionrecognitionproject\quickfeatureextraction\quickfeatureextraction\main.cpp(42): warning C4244: 'initializing' : conversion from 'float' to 'int', possible loss of data
     1>c:\projects\actionrecognitionproject\quickfeatureextraction\quickfeatureextraction\main.cpp(43): warning C4244: 'initializing' : conversion from 'float' to 'int', possible loss of data
       Link:
         c:\Program Files (x86)\Microsoft Visual Studio 10.0\VC\bin\link.exe /ERRORREPORT:PROMPT /OUT:"C:\Projects\ActionRecognitionProject\QuickFeatureExtraction\Debug\QuickFeatureExtraction.exe" /NOLOGO "boost_filesystem-vc100-mt-gd-1_51.lib" opencv_calib3d242d.lib opencv_contrib242d.lib opencv_core242d.lib opencv_features2d242d.lib opencv_gpu242d.lib opencv_haartraining_engined.lib opencv_highgui242d.lib opencv_imgproc242d.lib opencv_legacy242d.lib opencv_ml242d.lib opencv_nonfree242d.lib opencv_video242d.lib kernel32.lib user32.lib gdi32.lib winspool.lib comdlg32.lib advapi32.lib shell32.lib ole32.lib oleaut32.lib uuid.lib odbc32.lib odbccp32.lib /MANIFEST /ManifestFile:"Debug\QuickFeatureExtraction.exe.intermediate.manifest" /MANIFESTUAC:"level='asInvoker' uiAccess='false'" /DEBUG /PDB:"C:\Projects\ActionRecognitionProject\QuickFeatureExtraction\Debug\QuickFeatureExtraction.pdb" /TLBID:1 /DYNAMICBASE /NXCOMPAT /IMPLIB:"C:\Projects\ActionRecognitionProject\QuickFeatureExtraction\Debug\QuickFeatureExtraction.lib" /MACHINE:X86 Debug\main.obj
         QuickFeatureExtraction.vcxproj -> C:\Projects\ActionRecognitionProject\QuickFeatureExtraction\Debug\QuickFeatureExtraction.exe
       Manifest:
         C:\Program Files (x86)\Microsoft SDKs\Windows\v7.0A\bin\mt.exe /nologo /verbose /outputresource:"C:\Projects\ActionRecognitionProject\QuickFeatureExtraction\Debug\QuickFeatureExtraction.exe;#1" /manifest Debug\QuickFeatureExtraction.exe.intermediate.manifest
       FinalizeBuildStatus:
         Deleting file "Debug\QuickFeatureExtraction.unsuccessfulbuild".
         Touching "Debug\QuickFeatureExtraction.lastbuildstate".
     1>Done Building Project "C:\Projects\ActionRecognitionProject\QuickFeatureExtraction\QuickFeatureExtraction\QuickFeatureExtraction.vcxproj" (build target(s)).

Build succeeded.

Time Elapsed 00:00:03.56
