Build started 04/09/2012 3:53:30 PM.
     1>Project "C:\Projects\ActionRecognitionProject\ActionRecognitionProject\ActionRecognitionProject.vcxproj" on node 2 (build target(s)).
     1>InitializeBuildStatus:
         Creating "Debug\ActionRecognitionProject.unsuccessfulbuild" because "AlwaysCreate" was specified.
       CustomBuild:
         All outputs are up-to-date.
       ClCompile:
         c:\Program Files (x86)\Microsoft Visual Studio 10.0\VC\bin\CL.exe /c /I.\GeneratedFiles /IC:\Projects\Libraries\Qt\include /I.\GeneratedFiles\Debug /IC:\Projects\Libraries\Qt\include\QtCore /IC:\Projects\Libraries\Qt\include\QtGui /I.\ /Zi /nologo /W1 /WX- /Od /Oy- /D UNICODE /D WIN32 /D QT_LARGEFILE_SUPPORT /D QT_CORE_LIB /D QT_GUI_LIB /Gm- /EHsc /MDd /GS /fp:precise /Zc:wchar_t- /Zc:forScope /Fo"Debug\\" /Fd"Debug\vc100.pdb" /Gd /TP /analyze- /errorReport:prompt ActionRecognitionProject.cpp
         ActionRecognitionProject.cpp
         All outputs are up-to-date.
       Link:
         c:\Program Files (x86)\Microsoft Visual Studio 10.0\VC\bin\link.exe /ERRORREPORT:PROMPT /OUT:"C:\Projects\ActionRecognitionProject\\ActionRecognitionProject.exe" /NOLOGO /LIBPATH:C:\Projects\Libraries\Qt\lib qtmaind.lib QtCored4.lib QtGuid4.lib opencv_calib3d242d.lib opencv_contrib242d.lib opencv_core242d.lib opencv_features2d242d.lib opencv_haartraining_engined.lib opencv_highgui242d.lib opencv_imgproc242d.lib opencv_objdetect242d.lib opencv_nonfree242d.lib kernel32.lib user32.lib gdi32.lib winspool.lib comdlg32.lib advapi32.lib shell32.lib ole32.lib oleaut32.lib uuid.lib odbc32.lib odbccp32.lib /MANIFEST /ManifestFile:"Debug\ActionRecognitionProject.exe.intermediate.manifest" /MANIFESTUAC:"level='asInvoker' uiAccess='false'" /DEBUG /PDB:"C:\Projects\ActionRecognitionProject\ActionRecognitionProject.pdb" /SUBSYSTEM:WINDOWS /TLBID:1 /DYNAMICBASE /NXCOMPAT /IMPLIB:"C:\Projects\ActionRecognitionProject\ActionRecognitionProject.lib" /MACHINE:X86 Debug\ActionRecognitionProject.obj
         Debug\moc_ActionRecognitionProject.obj
         Debug\qrc_ActionRecognitionProject.obj
         Debug\main.obj
         LINK : C:\Projects\ActionRecognitionProject\\ActionRecognitionProject.exe not found or not built by the last incremental link; performing full link
         ActionRecognitionProject.vcxproj -> C:\Projects\ActionRecognitionProject\ActionRecognitionProject.exe
       Manifest:
         c:\Program Files (x86)\Microsoft SDKs\Windows\v7.0A\bin\mt.exe /nologo /verbose /outputresource:"C:\Projects\ActionRecognitionProject\\ActionRecognitionProject.exe;#1" /manifest Debug\ActionRecognitionProject.exe.intermediate.manifest
       FinalizeBuildStatus:
         Deleting file "Debug\ActionRecognitionProject.unsuccessfulbuild".
         Touching "Debug\ActionRecognitionProject.lastbuildstate".
     1>Done Building Project "C:\Projects\ActionRecognitionProject\ActionRecognitionProject\ActionRecognitionProject.vcxproj" (build target(s)).

Build succeeded.

Time Elapsed 00:00:02.30
