Build started 23/10/2012 1:26:43 PM.
     1>Project "C:\Projects\ActionRecognitionProject\ActionRecognitionProjectConsoleVersion\ActionRecognitionProjectConsoleVersion\ActionRecognitionProjectConsoleVersion.vcxproj" on node 2 (build target(s)).
     1>InitializeBuildStatus:
         Creating "Release\ActionRecognitionProjectConsoleVersion.unsuccessfulbuild" because "AlwaysCreate" was specified.
       ClCompile:
         c:\Program Files (x86)\Microsoft Visual Studio 10.0\VC\bin\CL.exe /c /Zi /nologo /W3 /WX- /O2 /Oi /Oy- /GL /D _MBCS /Gm- /EHsc /MD /GS /Gy /fp:precise /Zc:wchar_t /Zc:forScope /openmp /Fo"Release\\" /Fd"Release\vc100.pdb" /Gd /TP /analyze- /errorReport:prompt MoFREAKUtilities.cpp
         MoFREAKUtilities.cpp
     1>MoFREAKUtilities.cpp(42): warning C4244: 'argument' : conversion from 'float' to 'int', possible loss of data
     1>MoFREAKUtilities.cpp(42): warning C4244: 'argument' : conversion from 'float' to 'int', possible loss of data
     1>MoFREAKUtilities.cpp(43): warning C4244: 'argument' : conversion from 'float' to 'int', possible loss of data
     1>MoFREAKUtilities.cpp(43): warning C4244: 'argument' : conversion from 'float' to 'int', possible loss of data
     1>MoFREAKUtilities.cpp(171): warning C4244: 'argument' : conversion from 'float' to 'int', possible loss of data
     1>MoFREAKUtilities.cpp(171): warning C4244: 'argument' : conversion from 'float' to 'int', possible loss of data
     1>MoFREAKUtilities.cpp(198): warning C4244: 'argument' : conversion from 'double' to 'int', possible loss of data
     1>MoFREAKUtilities.cpp(198): warning C4244: 'argument' : conversion from 'double' to 'int', possible loss of data
     1>MoFREAKUtilities.cpp(208): warning C4244: 'initializing' : conversion from 'float' to 'int', possible loss of data
     1>MoFREAKUtilities.cpp(209): warning C4244: 'initializing' : conversion from 'float' to 'int', possible loss of data
     1>MoFREAKUtilities.cpp(210): warning C4244: 'argument' : conversion from 'float' to 'int', possible loss of data
     1>MoFREAKUtilities.cpp(210): warning C4244: 'argument' : conversion from 'float' to 'int', possible loss of data
     1>MoFREAKUtilities.cpp(231): warning C4244: 'initializing' : conversion from 'float' to 'int', possible loss of data
     1>MoFREAKUtilities.cpp(235): warning C4244: 'initializing' : conversion from 'float' to 'int', possible loss of data
     1>MoFREAKUtilities.cpp(236): warning C4244: 'initializing' : conversion from 'float' to 'int', possible loss of data
     1>MoFREAKUtilities.cpp(237): warning C4244: 'initializing' : conversion from 'float' to 'int', possible loss of data
     1>MoFREAKUtilities.cpp(238): warning C4244: 'initializing' : conversion from 'float' to 'int', possible loss of data
     1>MoFREAKUtilities.cpp(340): warning C4244: 'argument' : conversion from 'float' to 'int', possible loss of data
     1>MoFREAKUtilities.cpp(340): warning C4244: 'argument' : conversion from 'float' to 'int', possible loss of data
       Link:
         c:\Program Files (x86)\Microsoft Visual Studio 10.0\VC\bin\link.exe /ERRORREPORT:PROMPT /OUT:"C:\Projects\ActionRecognitionProject\ActionRecognitionProjectConsoleVersion\Release\ActionRecognitionProjectConsoleVersion.exe" /NOLOGO "boost_filesystem-vc100-mt-1_51.lib" opencv_calib3d242.lib opencv_contrib242.lib opencv_core242.lib opencv_features2d242.lib opencv_haartraining_engine.lib opencv_highgui242.lib opencv_imgproc242.lib opencv_objdetect242.lib opencv_nonfree242.lib kernel32.lib user32.lib gdi32.lib winspool.lib comdlg32.lib advapi32.lib shell32.lib ole32.lib oleaut32.lib uuid.lib odbc32.lib odbccp32.lib /MANIFEST /ManifestFile:"Release\ActionRecognitionProjectConsoleVersion.exe.intermediate.manifest" /MANIFESTUAC:"level='asInvoker' uiAccess='false'" /DEBUG /PDB:"C:\Projects\ActionRecognitionProject\ActionRecognitionProjectConsoleVersion\Release\ActionRecognitionProjectConsoleVersion.pdb" /OPT:REF /OPT:ICF /LTCG /TLBID:1 /DYNAMICBASE /NXCOMPAT /IMPLIB:"C:\Projects\ActionRecognitionProject\ActionRecognitionProjectConsoleVersion\Release\ActionRecognitionProjectConsoleVersion.lib" /MACHINE:X86 Release\BagOfWordsRepresentation.obj
         Release\Clustering.obj
         Release\main.obj
         Release\MoFREAKUtilities.obj
         Release\MoSIFTUtilities.obj
         Release\svm.obj
         Release\SVMInterface.obj
         Release\svm_interface.obj
         Generating code
         Finished generating code
         ActionRecognitionProjectConsoleVersion.vcxproj -> C:\Projects\ActionRecognitionProject\ActionRecognitionProjectConsoleVersion\Release\ActionRecognitionProjectConsoleVersion.exe
       Manifest:
         c:\Program Files (x86)\Microsoft SDKs\Windows\v7.0A\bin\mt.exe /nologo /verbose /outputresource:"C:\Projects\ActionRecognitionProject\ActionRecognitionProjectConsoleVersion\Release\ActionRecognitionProjectConsoleVersion.exe;#1" /manifest Release\ActionRecognitionProjectConsoleVersion.exe.intermediate.manifest
       FinalizeBuildStatus:
         Deleting file "Release\ActionRecognitionProjectConsoleVersion.unsuccessfulbuild".
         Touching "Release\ActionRecognitionProjectConsoleVersion.lastbuildstate".
     1>Done Building Project "C:\Projects\ActionRecognitionProject\ActionRecognitionProjectConsoleVersion\ActionRecognitionProjectConsoleVersion\ActionRecognitionProjectConsoleVersion.vcxproj" (build target(s)).

Build succeeded.

Time Elapsed 00:00:10.19
