C:\PROJECTS\ACTIONRECOGNITIONPROJECT\ACTIONRECOGNITIONPROJECTCONSOLEVERSION\ACTIONRECOGNITIONPROJECTCONSOLEVERSION\RELEASE\ACTIONRECOGNITIONPROJECTCONSOLEVERSION.EXE.INTERMEDIATE.MANIFEST
C:\PROJECTS\ACTIONRECOGNITIONPROJECT\ACTIONRECOGNITIONPROJECTCONSOLEVERSION\ACTIONRECOGNITIONPROJECTCONSOLEVERSION\RELEASE\BAGOFWORDSREPRESENTATION.OBJ
C:\Projects\ActionRecognitionProject\ActionRecognitionProjectConsoleVersion\ActionRecognitionProjectConsoleVersion\Release\cl.command.1.tlog
C:\Projects\ActionRecognitionProject\ActionRecognitionProjectConsoleVersion\ActionRecognitionProjectConsoleVersion\Release\CL.read.1.tlog
C:\Projects\ActionRecognitionProject\ActionRecognitionProjectConsoleVersion\ActionRecognitionProjectConsoleVersion\Release\CL.write.1.tlog
C:\PROJECTS\ACTIONRECOGNITIONPROJECT\ACTIONRECOGNITIONPROJECTCONSOLEVERSION\ACTIONRECOGNITIONPROJECTCONSOLEVERSION\RELEASE\CLUSTERING.OBJ
C:\Projects\ActionRecognitionProject\ActionRecognitionProjectConsoleVersion\ActionRecognitionProjectConsoleVersion\Release\link.command.1.tlog
C:\Projects\ActionRecognitionProject\ActionRecognitionProjectConsoleVersion\ActionRecognitionProjectConsoleVersion\Release\link.read.1.tlog
C:\Projects\ActionRecognitionProject\ActionRecognitionProjectConsoleVersion\ActionRecognitionProjectConsoleVersion\Release\link.write.1.tlog
C:\PROJECTS\ACTIONRECOGNITIONPROJECT\ACTIONRECOGNITIONPROJECTCONSOLEVERSION\ACTIONRECOGNITIONPROJECTCONSOLEVERSION\RELEASE\MAIN.OBJ
C:\PROJECTS\ACTIONRECOGNITIONPROJECT\ACTIONRECOGNITIONPROJECTCONSOLEVERSION\ACTIONRECOGNITIONPROJECTCONSOLEVERSION\RELEASE\MOFREAKUTILITIES.OBJ
C:\PROJECTS\ACTIONRECOGNITIONPROJECT\ACTIONRECOGNITIONPROJECTCONSOLEVERSION\ACTIONRECOGNITIONPROJECTCONSOLEVERSION\RELEASE\MOSIFTUTILITIES.OBJ
C:\Projects\ActionRecognitionProject\ActionRecognitionProjectConsoleVersion\ActionRecognitionProjectConsoleVersion\Release\mt.command.1.tlog
C:\Projects\ActionRecognitionProject\ActionRecognitionProjectConsoleVersion\ActionRecognitionProjectConsoleVersion\Release\mt.read.1.tlog
C:\Projects\ActionRecognitionProject\ActionRecognitionProjectConsoleVersion\ActionRecognitionProjectConsoleVersion\Release\mt.write.1.tlog
C:\PROJECTS\ACTIONRECOGNITIONPROJECT\ACTIONRECOGNITIONPROJECTCONSOLEVERSION\ACTIONRECOGNITIONPROJECTCONSOLEVERSION\RELEASE\SVM.OBJ
C:\PROJECTS\ACTIONRECOGNITIONPROJECT\ACTIONRECOGNITIONPROJECTCONSOLEVERSION\ACTIONRECOGNITIONPROJECTCONSOLEVERSION\RELEASE\SVM_INTERFACE.OBJ
C:\PROJECTS\ACTIONRECOGNITIONPROJECT\ACTIONRECOGNITIONPROJECTCONSOLEVERSION\ACTIONRECOGNITIONPROJECTCONSOLEVERSION\RELEASE\SVMINTERFACE.OBJ
C:\PROJECTS\ACTIONRECOGNITIONPROJECT\ACTIONRECOGNITIONPROJECTCONSOLEVERSION\ACTIONRECOGNITIONPROJECTCONSOLEVERSION\RELEASE\VC100.PDB
C:\PROJECTS\ACTIONRECOGNITIONPROJECT\ACTIONRECOGNITIONPROJECTCONSOLEVERSION\RELEASE\ACTIONRECOGNITIONPROJECTCONSOLEVERSION.EXE
C:\PROJECTS\ACTIONRECOGNITIONPROJECT\ACTIONRECOGNITIONPROJECTCONSOLEVERSION\RELEASE\ACTIONRECOGNITIONPROJECTCONSOLEVERSION.PDB
